SF:lib/providers/theme_provider.dart
DA:6,21
DA:7,14
DA:13,14
DA:14,7
DA:18,1
DA:19,1
DA:20,1
DA:24,1
DA:25,1
DA:27,1
DA:28,1
DA:30,1
DA:31,1
DA:37,1
DA:38,1
DA:39,1
DA:40,1
DA:42,1
DA:43,1
DA:45,1
DA:46,1
DA:52,7
DA:53,7
DA:54,1
DA:61,1
DA:62,1
DA:64,1
DA:65,1
DA:67,0
DA:68,0
LF:30
LH:28
end_of_record
SF:lib/models/service.dart
DA:8,4
DA:18,12
DA:19,4
DA:26,4
DA:35,4
DA:42,4
DA:51,4
DA:58,4
LF:8
LH:8
end_of_record
SF:lib/main.dart
DA:7,0
DA:8,0
DA:16,12
DA:18,2
DA:21,4
DA:23,2
DA:26,2
DA:27,2
LF:8
LH:6
end_of_record
SF:lib/screens/home_screen.dart
DA:14,20
DA:16,2
DA:18,2
DA:20,2
DA:21,2
DA:23,2
DA:25,2
DA:26,4
DA:27,4
DA:29,6
DA:32,0
DA:34,0
DA:39,2
DA:41,2
DA:43,2
DA:44,2
DA:46,2
DA:47,2
DA:49,2
DA:51,6
DA:53,6
DA:56,2
DA:58,0
DA:60,0
DA:61,0
DA:75,2
DA:77,6
DA:80,2
DA:81,2
DA:82,4
DA:83,0
DA:84,2
DA:92,2
DA:93,2
DA:95,6
DA:97,2
DA:99,2
DA:100,2
DA:102,8
DA:104,6
DA:108,2
DA:109,4
DA:110,6
DA:113,2
DA:114,2
DA:115,2
DA:117,0
DA:119,0
DA:120,0
DA:126,2
DA:128,0
DA:130,0
DA:131,0
DA:143,2
DA:146,6
DA:147,2
DA:148,2
DA:149,2
DA:152,8
DA:153,6
DA:158,2
DA:160,0
DA:162,0
DA:163,0
DA:166,2
DA:167,6
DA:168,6
DA:191,0
DA:192,0
DA:201,0
DA:202,0
DA:203,0
DA:204,0
DA:206,0
DA:208,0
DA:209,0
DA:217,2
DA:218,2
DA:220,2
DA:221,2
DA:222,2
DA:223,4
DA:225,2
DA:227,0
DA:228,0
DA:229,0
DA:231,0
DA:232,0
DA:239,2
LF:89
LH:60
end_of_record
SF:lib/utils/app_theme.dart
DA:6,0
DA:12,6
DA:18,6
DA:24,6
DA:26,2
DA:27,2
DA:28,2
DA:32,4
DA:33,2
DA:34,4
DA:39,2
DA:40,2
DA:42,4
DA:43,4
DA:44,4
DA:47,2
DA:48,2
DA:50,4
DA:51,6
DA:52,4
DA:55,2
DA:56,2
DA:58,4
DA:61,2
DA:63,4
DA:66,2
DA:68,4
DA:72,2
DA:74,2
DA:76,2
DA:77,2
DA:78,4
DA:80,2
DA:81,2
DA:82,6
DA:84,2
DA:85,2
DA:86,4
DA:88,2
DA:89,2
DA:90,6
DA:92,2
DA:93,2
DA:94,6
DA:96,4
DA:101,6
DA:103,2
DA:104,6
DA:109,0
DA:110,0
LF:50
LH:47
end_of_record
SF:lib/models/company.dart
DA:11,7
DA:31,7
DA:42,21
DA:53,7
DA:60,7
DA:65,7
DA:66,7
DA:74,7
DA:82,7
LF:9
LH:9
end_of_record
SF:lib/models/project.dart
DA:10,2
DA:27,2
DA:36,6
DA:37,2
DA:43,2
DA:50,2
DA:62,2
DA:68,2
DA:74,2
DA:83,2
DA:89,2
DA:95,2
DA:101,6
DA:102,2
DA:109,2
DA:116,2
LF:16
LH:16
end_of_record
SF:lib/screens/about_screen.dart
DA:7,21
DA:9,1
DA:11,1
DA:13,1
DA:14,1
DA:16,1
DA:18,1
DA:21,3
DA:22,1
DA:24,1
DA:25,1
DA:27,4
DA:28,3
DA:33,1
DA:35,4
DA:36,4
DA:46,1
DA:48,1
DA:50,1
DA:51,1
DA:53,4
DA:55,3
DA:59,1
DA:61,1
DA:63,1
DA:65,1
DA:67,1
DA:68,1
DA:69,2
DA:70,3
DA:73,1
DA:76,2
DA:79,1
DA:82,2
DA:85,1
DA:98,4
DA:99,1
DA:101,1
DA:102,1
DA:103,1
DA:106,1
DA:107,1
DA:109,1
DA:110,1
DA:111,1
DA:112,1
DA:113,1
DA:114,1
DA:116,1
DA:117,1
DA:120,1
DA:121,1
DA:122,1
DA:123,1
DA:131,0
DA:139,1
DA:140,1
DA:142,3
DA:144,1
DA:146,1
DA:147,1
DA:149,4
DA:151,3
DA:155,1
DA:165,3
DA:166,1
DA:167,1
DA:169,1
DA:171,1
DA:173,1
DA:174,1
DA:175,1
DA:176,3
DA:180,1
DA:181,3
DA:182,3
DA:196,1
DA:198,1
DA:200,1
DA:201,1
DA:203,4
DA:205,3
DA:209,1
DA:211,3
DA:214,3
DA:215,2
DA:229,1
DA:235,1
DA:237,1
DA:239,1
DA:240,1
DA:242,1
DA:244,3
DA:245,1
DA:248,3
DA:252,1
DA:253,1
DA:255,1
DA:256,1
DA:258,4
DA:263,4
DA:272,1
DA:273,1
DA:275,1
DA:277,1
DA:279,1
DA:280,1
DA:282,1
DA:284,1
DA:287,1
DA:288,2
DA:290,3
DA:292,1
DA:293,0
DA:294,0
DA:295,0
DA:297,0
DA:306,1
DA:307,1
DA:309,1
DA:310,1
DA:311,1
DA:312,4
DA:316,1
DA:317,1
DA:318,1
DA:320,3
DA:321,3
DA:325,1
DA:326,1
DA:327,2
DA:328,1
DA:330,1
DA:331,0
DA:332,1
DA:333,1
DA:334,1
DA:335,2
DA:339,1
DA:340,2
DA:341,1
DA:343,3
DA:359,5
DA:363,1
DA:367,1
DA:368,1
DA:369,2
DA:370,1
DA:371,1
DA:373,3
DA:374,1
DA:375,3
DA:380,1
DA:388,1
DA:389,1
DA:390,1
DA:392,1
DA:394,1
DA:396,1
DA:398,1
DA:405,1
DA:406,1
DA:407,1
DA:409,1
DA:411,1
DA:413,1
DA:415,1
DA:418,0
DA:422,1
DA:423,1
DA:430,3
DA:435,0
DA:436,0
LF:173
LH:164
end_of_record
SF:lib/widgets/app_nav_bar.dart
DA:13,50
DA:15,6
DA:18,6
DA:20,6
DA:21,6
DA:22,0
DA:23,0
DA:24,0
DA:25,0
DA:29,18
DA:31,6
DA:32,6
DA:35,12
DA:36,0
DA:37,0
DA:38,0
DA:39,0
DA:44,6
DA:47,12
DA:48,0
DA:49,0
DA:50,0
DA:51,0
DA:56,6
DA:59,12
DA:60,0
DA:61,0
DA:62,0
DA:63,0
DA:68,6
DA:71,12
DA:73,0
DA:74,0
DA:75,0
DA:76,0
DA:88,6
DA:96,6
DA:98,6
DA:100,6
DA:103,3
DA:104,15
DA:105,18
DA:108,6
DA:113,6
DA:115,6
DA:118,9
DA:119,18
DA:120,6
DA:124,6
LF:49
LH:29
end_of_record
SF:lib/widgets/app_footer.dart
DA:6,50
DA:8,6
DA:10,6
DA:11,24
DA:13,6
DA:14,6
DA:15,6
DA:17,6
DA:18,6
DA:20,6
DA:21,6
DA:22,12
DA:23,24
DA:28,18
DA:30,24
DA:33,6
DA:34,6
DA:35,6
DA:39,24
DA:41,6
DA:45,24
DA:47,6
DA:51,24
DA:60,6
DA:62,6
DA:63,6
DA:64,30
DA:65,18
DA:67,6
DA:69,6
DA:71,18
DA:80,6
DA:86,6
DA:88,6
DA:89,0
DA:90,0
DA:91,0
DA:92,0
DA:95,6
DA:97,6
DA:98,6
DA:100,18
DA:101,18
LF:43
LH:39
end_of_record
SF:lib/screens/contact_screen.dart
DA:12,2
DA:16,3
DA:17,1
DA:22,1
DA:27,1
DA:32,1
DA:37,1
DA:45,52
DA:47,1
DA:48,1
DA:62,1
DA:64,2
DA:65,2
DA:66,2
DA:67,2
DA:68,1
DA:71,1
DA:73,1
DA:75,1
DA:76,1
DA:78,1
DA:80,1
DA:83,3
DA:84,1
DA:86,1
DA:87,1
DA:89,4
DA:90,3
DA:95,1
DA:97,4
DA:98,1
DA:100,3
DA:108,1
DA:110,1
DA:111,1
DA:112,2
DA:114,1
DA:116,1
DA:118,2
DA:121,2
DA:126,0
DA:128,0
DA:129,0
DA:131,0
DA:140,1
DA:141,3
DA:143,1
DA:145,1
DA:146,1
DA:148,4
DA:150,3
DA:154,4
DA:167,1
DA:168,1
DA:170,1
DA:171,1
DA:173,4
DA:175,3
DA:179,1
DA:181,3
DA:186,1
DA:190,3
DA:191,0
DA:192,0
DA:194,0
DA:196,0
DA:197,0
DA:203,1
DA:207,2
DA:208,0
DA:210,0
DA:211,0
DA:212,0
DA:213,0
DA:219,1
DA:224,3
DA:226,0
DA:227,0
DA:228,0
DA:230,0
DA:231,0
DA:240,1
DA:244,3
DA:245,0
DA:246,0
DA:247,0
DA:249,0
DA:250,0
DA:258,1
DA:265,1
DA:267,1
DA:269,1
DA:270,1
DA:272,1
DA:274,1
DA:275,1
DA:277,1
DA:278,1
DA:280,3
DA:281,1
DA:283,1
DA:285,3
DA:290,1
DA:291,1
DA:293,1
DA:294,1
DA:296,4
DA:301,1
DA:303,4
DA:304,3
DA:311,1
DA:314,3
DA:323,1
DA:324,1
DA:326,1
DA:328,1
DA:330,1
DA:331,1
DA:333,4
DA:335,3
DA:340,1
DA:341,0
DA:344,0
DA:346,0
DA:347,0
DA:348,0
DA:349,0
DA:350,0
DA:352,0
DA:353,0
DA:354,0
DA:357,0
DA:358,0
DA:359,0
DA:360,0
DA:361,0
DA:364,0
DA:365,0
DA:366,0
DA:367,0
DA:369,0
DA:370,0
DA:371,0
DA:375,0
DA:377,0
DA:378,0
DA:379,0
DA:387,1
DA:388,1
DA:389,1
DA:391,1
DA:393,1
DA:394,1
DA:400,0
DA:401,0
DA:410,1
DA:411,1
DA:418,0
DA:419,0
DA:422,0
DA:423,0
DA:432,1
DA:433,1
DA:439,0
DA:440,0
DA:449,1
DA:450,1
DA:459,0
DA:460,0
DA:463,0
DA:472,1
DA:474,1
DA:475,1
DA:479,1
DA:480,0
DA:482,0
DA:483,0
DA:486,0
DA:489,0
DA:507,1
DA:508,1
DA:509,1
DA:510,1
DA:511,1
DA:513,3
DA:517,1
DA:518,5
DA:523,0
DA:524,0
DA:528,0
DA:529,0
DA:534,0
DA:536,0
DA:537,0
DA:538,0
DA:539,0
DA:543,0
DA:544,0
DA:545,0
DA:546,0
DA:549,0
DA:550,0
DA:551,0
DA:552,0
LF:204
LH:121
end_of_record
SF:lib/widgets/hero_banner.dart
DA:13,2
DA:23,2
DA:25,2
DA:27,8
DA:29,2
DA:30,6
DA:32,2
DA:33,0
DA:34,0
DA:36,0
DA:37,0
DA:39,0
DA:45,2
DA:46,2
DA:48,2
DA:51,2
DA:52,2
DA:53,2
DA:54,8
DA:55,6
DA:61,2
DA:63,2
DA:64,2
DA:65,8
DA:66,2
DA:68,6
DA:74,4
DA:76,2
DA:78,2
DA:79,2
DA:80,8
DA:81,2
DA:83,6
DA:90,2
DA:91,2
DA:94,2
DA:95,2
DA:97,2
DA:99,0
DA:101,0
DA:102,0
DA:105,2
DA:106,6
DA:107,6
DA:122,2
DA:124,2
DA:126,2
DA:127,0
DA:129,0
DA:130,0
DA:133,2
DA:135,6
DA:136,2
DA:137,6
DA:149,4
LF:55
LH:44
end_of_record
SF:lib/widgets/service_card.dart
DA:9,2
DA:16,2
DA:18,2
DA:22,4
DA:23,2
DA:24,2
DA:25,2
DA:27,2
DA:29,2
DA:32,2
DA:33,6
DA:34,2
DA:35,6
DA:37,2
DA:42,2
DA:43,2
DA:46,6
DA:52,2
DA:54,2
DA:56,2
DA:58,2
DA:59,4
DA:60,8
DA:62,6
DA:68,2
DA:69,4
DA:70,6
DA:71,2
DA:72,2
DA:75,2
DA:79,0
DA:81,0
DA:86,0
DA:87,0
DA:89,0
DA:91,0
DA:92,0
DA:94,0
DA:98,0
DA:105,2
DA:108,2
DA:111,2
DA:112,0
DA:113,0
DA:119,2
DA:120,2
LF:46
LH:35
end_of_record
SF:lib/screens/services_screen.dart
DA:10,32
DA:12,1
DA:13,1
DA:20,1
DA:22,1
DA:23,3
DA:24,4
DA:27,1
DA:29,2
DA:30,1
DA:33,1
DA:35,1
DA:37,1
DA:39,1
DA:41,1
DA:44,3
DA:45,1
DA:47,1
DA:48,1
DA:50,4
DA:51,3
DA:56,1
DA:58,4
DA:59,1
DA:61,3
DA:69,1
DA:71,4
DA:72,1
DA:75,1
DA:76,1
DA:77,2
DA:78,2
DA:80,1
DA:81,4
DA:82,2
DA:83,0
DA:85,0
DA:86,0
DA:87,0
DA:95,3
DA:96,1
DA:98,3
DA:99,1
DA:101,2
DA:102,3
DA:105,2
DA:117,1
DA:118,1
DA:119,1
DA:120,0
DA:121,0
DA:122,0
DA:125,2
DA:126,1
DA:127,1
DA:128,1
DA:129,1
DA:130,1
DA:132,1
DA:134,2
DA:148,1
DA:150,3
DA:151,1
DA:153,1
DA:154,2
DA:155,0
DA:156,0
DA:157,0
DA:166,1
DA:167,1
DA:169,0
DA:171,0
DA:173,1
DA:174,3
DA:175,3
DA:179,5
DA:180,1
DA:181,0
DA:182,0
DA:191,0
DA:198,1
DA:199,1
DA:201,1
DA:203,1
DA:204,1
DA:205,1
DA:208,1
DA:209,1
DA:211,3
DA:212,1
DA:214,1
DA:215,1
DA:216,1
DA:219,1
DA:220,1
DA:223,3
DA:230,1
DA:231,1
DA:232,1
DA:233,4
DA:235,3
DA:245,5
DA:250,1
DA:252,1
DA:254,3
DA:259,2
DA:260,2
DA:262,1
DA:264,1
DA:265,1
DA:267,1
DA:268,1
DA:270,3
DA:271,1
DA:273,1
DA:275,3
DA:279,1
DA:280,1
DA:282,1
DA:283,1
DA:285,3
DA:286,1
DA:289,1
DA:290,1
DA:291,3
DA:301,1
DA:304,1
DA:306,3
DA:307,1
DA:309,1
DA:311,1
DA:312,1
DA:314,1
DA:316,3
DA:319,1
DA:320,2
DA:321,3
DA:324,1
DA:326,0
DA:328,0
DA:329,0
DA:332,1
DA:333,3
DA:334,3
DA:347,1
DA:349,1
LF:146
LH:128
end_of_record
SF:lib/screens/projects_screen.dart
DA:8,21
DA:10,1
DA:12,1
DA:14,1
DA:15,1
DA:17,1
DA:19,1
DA:22,3
DA:23,1
DA:25,1
DA:26,1
DA:28,4
DA:29,3
DA:34,1
DA:36,4
DA:37,1
DA:39,3
DA:47,1
DA:49,1
DA:51,1
DA:52,2
DA:53,2
DA:60,1
DA:62,3
DA:63,1
DA:65,1
DA:66,1
DA:68,4
DA:73,1
DA:75,1
DA:77,2
DA:78,1
DA:79,2
DA:80,1
DA:84,1
DA:85,3
DA:86,1
DA:87,1
DA:88,1
DA:89,1
DA:91,3
DA:97,1
DA:99,1
DA:100,1
DA:102,3
DA:106,1
DA:107,1
DA:108,3
DA:109,1
DA:114,1
DA:115,1
DA:116,1
DA:119,3
DA:120,1
DA:121,2
DA:122,1
DA:124,1
DA:126,2
DA:132,1
DA:135,1
DA:136,1
DA:137,1
DA:138,1
DA:140,3
DA:144,1
DA:145,3
DA:147,1
DA:149,2
DA:166,1
DA:168,1
DA:170,1
DA:171,1
DA:173,4
DA:179,1
DA:181,3
DA:185,1
DA:187,0
DA:189,0
DA:190,0
DA:193,1
DA:194,3
DA:196,3
DA:216,1
DA:217,1
DA:221,1
DA:223,1
DA:225,1
DA:226,0
DA:227,0
DA:231,0
DA:232,0
DA:234,0
DA:236,0
DA:237,0
DA:238,0
DA:241,0
DA:243,0
DA:251,1
DA:253,1
DA:255,1
DA:257,1
DA:259,1
DA:260,1
DA:261,1
DA:262,1
DA:263,1
DA:265,3
DA:267,3
DA:273,1
DA:278,1
DA:279,1
DA:281,3
DA:282,1
DA:284,1
DA:285,1
DA:286,1
DA:287,3
DA:298,1
DA:299,2
DA:300,4
DA:308,1
DA:309,1
DA:310,3
DA:316,1
DA:318,1
DA:320,3
DA:325,2
DA:326,2
DA:328,1
DA:330,1
DA:331,1
DA:333,3
DA:337,1
DA:338,1
DA:340,3
DA:348,1
DA:351,1
DA:353,1
DA:355,3
DA:358,1
DA:360,1
DA:364,1
DA:365,1
DA:366,2
DA:367,1
DA:368,1
DA:370,3
DA:371,1
DA:372,3
DA:376,1
LF:150
LH:137
end_of_record
SF:lib/widgets/theme_switcher.dart
DA:6,10
DA:8,6
DA:10,12
DA:17,6
DA:21,0
DA:25,0
DA:31,6
DA:32,6
DA:34,0
DA:36,0
LF:10
LH:6
end_of_record
